-------------------------------------------------------------------------------
Test set: com.nt.services.AppTest
-------------------------------------------------------------------------------
Tests run: 2, Failures: 1, Errors: 0, Skipped: 0, Time elapsed: 0.103 s <<< FAILURE! - in com.nt.services.AppTest
testWithPositiveNegative(com.nt.services.AppTest)  Time elapsed: 0.011 s  <<< FAILURE!
java.lang.AssertionError: expected:<-10> but was:<-30>
	at com.nt.services.AppTest.testWithPositiveNegative(AppTest.java:30)

