<?xml version="1.0" encoding="UTF-8"?>
<testsuite xmlns:xsi="http://www.w3.org/2001/XMLSchema-instance" xsi:noNamespaceSchemaLocation="https://maven.apache.org/surefire/maven-surefire-plugin/xsd/surefire-test-report.xsd" name="com.nt.services.AppTest" time="0.103" tests="2" errors="0" skipped="0" failures="1">
  <properties>
[...]
</properties>
  <testcase name="testWithPositive" classname="com.nt.services.AppTest" time="0.004"/>
  <testcase name="testWithPositiveNegative" classname="com.nt.services.AppTest" time="0.011">
    <failure message="expected:&lt;-10&gt; but was:&lt;-30&gt;" type="java.lang.AssertionError"><![CDATA[java.lang.AssertionError: expected:<-10> but was:<-30>
	at com.nt.services.AppTest.testWithPositiveNegative(AppTest.java:30)
]]></failure>
  </testcase>
</testsuite>